2020-08-28 19:57:23 [INFO] - Starting App on wenzhiweideMacBook-Pro.local with PID 94047 (/Users/wenzhiwei/workspace/maket-maker/target/classes started by wenzhiwei in /Users/wenzhiwei/workspace/maket-maker)
2020-08-28 19:57:23 [INFO] - The following profiles are active: prod
2020-08-28 19:57:25 [INFO] - Tomcat initialized with port(s): 9334 (http)
2020-08-28 19:57:25 [INFO] - Initializing ProtocolHandler ["http-nio-9334"]
2020-08-28 19:57:25 [INFO] - Starting service [Tomcat]
2020-08-28 19:57:25 [INFO] - Starting Servlet engine: [Apache Tomcat/9.0.16]
2020-08-28 19:57:25 [INFO] - The APR based Apache Tomcat Native library which allows optimal performance in production environments was not found on the java.library.path: [/Users/wenzhiwei/Library/Java/Extensions:/Library/Java/Extensions:/Network/Library/Java/Extensions:/System/Library/Java/Extensions:/usr/lib/java:.]
2020-08-28 19:57:25 [INFO] - Initializing Spring embedded WebApplicationContext
2020-08-28 19:57:25 [INFO] - Root WebApplicationContext: initialization completed in 1924 ms
2020-08-28 19:57:29 [INFO] - 交易对:BTCUSDT 账户订单同步启动
2020-08-28 19:57:29 [INFO] - [Sub] Connection [id: 0] created for PriceDepth for [btcusdt]
2020-08-28 19:57:29 [INFO] - [Sub][0] Connecting...
2020-08-28 19:57:29 [INFO] - [Sub] Connection [id: 1] created for Trade for [btcusdt]
2020-08-28 19:57:29 [INFO] - [Sub][1] Connecting...
2020-08-28 19:57:30 [WARN] - Exception encountered during context initialization - cancelling refresh attempt: org.springframework.beans.factory.BeanCreationException: Error creating bean with name 'mainCoinMakerCategory': Invocation of init method failed; nested exception is java.lang.NullPointerException
2020-08-28 19:57:30 [ERROR] - StatusUpdater error
java.lang.NullPointerException: null
	at java.base/java.util.Objects.requireNonNull(Objects.java:222)
	at java.base/java.util.Arrays$ArrayList.<init>(Arrays.java:4344)
	at java.base/java.util.Arrays.asList(Arrays.java:4331)
	at com.yoyo.spot.mmaker.server.runners.StatusUpdater.getAssets(StatusUpdater.java:80)
	at com.yoyo.spot.mmaker.server.runners.StatusUpdater.run(StatusUpdater.java:50)
	at java.base/java.lang.Thread.run(Thread.java:830)
2020-08-28 19:57:30 [INFO] - Stopping service [Tomcat]
2020-08-28 19:57:30 [INFO] - 

Error starting ApplicationContext. To display the conditions report re-run your application with 'debug' enabled.
2020-08-28 19:57:30 [ERROR] - Application run failed
org.springframework.beans.factory.BeanCreationException: Error creating bean with name 'mainCoinMakerCategory': Invocation of init method failed; nested exception is java.lang.NullPointerException
	at org.springframework.beans.factory.annotation.InitDestroyAnnotationBeanPostProcessor.postProcessBeforeInitialization(InitDestroyAnnotationBeanPostProcessor.java:139)
	at org.springframework.beans.factory.support.AbstractAutowireCapableBeanFactory.applyBeanPostProcessorsBeforeInitialization(AbstractAutowireCapableBeanFactory.java:414)
	at org.springframework.beans.factory.support.AbstractAutowireCapableBeanFactory.initializeBean(AbstractAutowireCapableBeanFactory.java:1754)
	at org.springframework.beans.factory.support.AbstractAutowireCapableBeanFactory.doCreateBean(AbstractAutowireCapableBeanFactory.java:593)
	at org.springframework.beans.factory.support.AbstractAutowireCapableBeanFactory.createBean(AbstractAutowireCapableBeanFactory.java:515)
	at org.springframework.beans.factory.support.AbstractBeanFactory.lambda$doGetBean$0(AbstractBeanFactory.java:320)
	at org.springframework.beans.factory.support.DefaultSingletonBeanRegistry.getSingleton(DefaultSingletonBeanRegistry.java:222)
	at org.springframework.beans.factory.support.AbstractBeanFactory.doGetBean(AbstractBeanFactory.java:318)
	at org.springframework.beans.factory.support.AbstractBeanFactory.getBean(AbstractBeanFactory.java:199)
	at org.springframework.beans.factory.support.DefaultListableBeanFactory.preInstantiateSingletons(DefaultListableBeanFactory.java:849)
	at org.springframework.context.support.AbstractApplicationContext.finishBeanFactoryInitialization(AbstractApplicationContext.java:877)
	at org.springframework.context.support.AbstractApplicationContext.refresh(AbstractApplicationContext.java:549)
	at org.springframework.boot.web.servlet.context.ServletWebServerApplicationContext.refresh(ServletWebServerApplicationContext.java:142)
	at org.springframework.boot.SpringApplication.refresh(SpringApplication.java:775)
	at org.springframework.boot.SpringApplication.refreshContext(SpringApplication.java:397)
	at org.springframework.boot.SpringApplication.run(SpringApplication.java:316)
	at org.springframework.boot.SpringApplication.run(SpringApplication.java:1260)
	at org.springframework.boot.SpringApplication.run(SpringApplication.java:1248)
	at com.yoyo.spot.mmaker.server.App.main(App.java:32)
Caused by: java.lang.NullPointerException: null
	at com.yoyo.spot.mmaker.server.runners.MarketMaker.initAsset(MarketMaker.java:66)
	at com.yoyo.spot.mmaker.server.runners.MarketMaker.<init>(MarketMaker.java:60)
	at com.yoyo.spot.mmaker.server.category.MainCoinMakerCategory.init(MainCoinMakerCategory.java:79)
	at java.base/jdk.internal.reflect.NativeMethodAccessorImpl.invoke0(Native Method)
	at java.base/jdk.internal.reflect.NativeMethodAccessorImpl.invoke(NativeMethodAccessorImpl.java:62)
	at java.base/jdk.internal.reflect.DelegatingMethodAccessorImpl.invoke(DelegatingMethodAccessorImpl.java:43)
	at java.base/java.lang.reflect.Method.invoke(Method.java:567)
	at org.springframework.beans.factory.annotation.InitDestroyAnnotationBeanPostProcessor$LifecycleElement.invoke(InitDestroyAnnotationBeanPostProcessor.java:363)
	at org.springframework.beans.factory.annotation.InitDestroyAnnotationBeanPostProcessor$LifecycleMetadata.invokeInitMethods(InitDestroyAnnotationBeanPostProcessor.java:307)
	at org.springframework.beans.factory.annotation.InitDestroyAnnotationBeanPostProcessor.postProcessBeforeInitialization(InitDestroyAnnotationBeanPostProcessor.java:136)
	... 18 common frames omitted
2020-08-28 19:57:30 [ERROR] - StatusUpdater error
java.lang.NullPointerException: null
	at java.base/java.util.Objects.requireNonNull(Objects.java:222)
	at java.base/java.util.Arrays$ArrayList.<init>(Arrays.java:4344)
	at java.base/java.util.Arrays.asList(Arrays.java:4331)
	at com.yoyo.spot.mmaker.server.runners.StatusUpdater.getAssets(StatusUpdater.java:80)
	at com.yoyo.spot.mmaker.server.runners.StatusUpdater.run(StatusUpdater.java:50)
	at java.base/java.lang.Thread.run(Thread.java:830)
2020-08-28 19:57:30 [ERROR] - StatusUpdater error
java.lang.NullPointerException: null
	at java.base/java.util.Objects.requireNonNull(Objects.java:222)
	at java.base/java.util.Arrays$ArrayList.<init>(Arrays.java:4344)
	at java.base/java.util.Arrays.asList(Arrays.java:4331)
	at com.yoyo.spot.mmaker.server.runners.StatusUpdater.getAssets(StatusUpdater.java:80)
	at com.yoyo.spot.mmaker.server.runners.StatusUpdater.run(StatusUpdater.java:50)
	at java.base/java.lang.Thread.run(Thread.java:830)
2020-08-28 19:57:30 [ERROR] - StatusUpdater error
java.lang.NullPointerException: null
	at java.base/java.util.Objects.requireNonNull(Objects.java:222)
	at java.base/java.util.Arrays$ArrayList.<init>(Arrays.java:4344)
	at java.base/java.util.Arrays.asList(Arrays.java:4331)
	at com.yoyo.spot.mmaker.server.runners.StatusUpdater.getAssets(StatusUpdater.java:80)
	at com.yoyo.spot.mmaker.server.runners.StatusUpdater.run(StatusUpdater.java:50)
	at java.base/java.lang.Thread.run(Thread.java:830)
2020-08-28 19:57:31 [ERROR] - StatusUpdater error
java.lang.NullPointerException: null
	at java.base/java.util.Objects.requireNonNull(Objects.java:222)
	at java.base/java.util.Arrays$ArrayList.<init>(Arrays.java:4344)
	at java.base/java.util.Arrays.asList(Arrays.java:4331)
	at com.yoyo.spot.mmaker.server.runners.StatusUpdater.getAssets(StatusUpdater.java:80)
	at com.yoyo.spot.mmaker.server.runners.StatusUpdater.run(StatusUpdater.java:50)
	at java.base/java.lang.Thread.run(Thread.java:830)
2020-08-28 19:57:31 [ERROR] - StatusUpdater error
java.lang.NullPointerException: null
	at java.base/java.util.Objects.requireNonNull(Objects.java:222)
	at java.base/java.util.Arrays$ArrayList.<init>(Arrays.java:4344)
	at java.base/java.util.Arrays.asList(Arrays.java:4331)
	at com.yoyo.spot.mmaker.server.runners.StatusUpdater.getAssets(StatusUpdater.java:80)
	at com.yoyo.spot.mmaker.server.runners.StatusUpdater.run(StatusUpdater.java:50)
	at java.base/java.lang.Thread.run(Thread.java:830)
2020-08-28 19:57:31 [ERROR] - StatusUpdater error
java.lang.NullPointerException: null
	at java.base/java.util.Objects.requireNonNull(Objects.java:222)
	at java.base/java.util.Arrays$ArrayList.<init>(Arrays.java:4344)
	at java.base/java.util.Arrays.asList(Arrays.java:4331)
	at com.yoyo.spot.mmaker.server.runners.StatusUpdater.getAssets(StatusUpdater.java:80)
	at com.yoyo.spot.mmaker.server.runners.StatusUpdater.run(StatusUpdater.java:50)
	at java.base/java.lang.Thread.run(Thread.java:830)
2020-08-28 19:57:31 [ERROR] - StatusUpdater error
java.lang.NullPointerException: null
	at java.base/java.util.Objects.requireNonNull(Objects.java:222)
	at java.base/java.util.Arrays$ArrayList.<init>(Arrays.java:4344)
	at java.base/java.util.Arrays.asList(Arrays.java:4331)
	at com.yoyo.spot.mmaker.server.runners.StatusUpdater.getAssets(StatusUpdater.java:80)
	at com.yoyo.spot.mmaker.server.runners.StatusUpdater.run(StatusUpdater.java:50)
	at java.base/java.lang.Thread.run(Thread.java:830)
2020-08-28 19:57:32 [ERROR] - StatusUpdater error
java.lang.NullPointerException: null
	at java.base/java.util.Objects.requireNonNull(Objects.java:222)
	at java.base/java.util.Arrays$ArrayList.<init>(Arrays.java:4344)
	at java.base/java.util.Arrays.asList(Arrays.java:4331)
	at com.yoyo.spot.mmaker.server.runners.StatusUpdater.getAssets(StatusUpdater.java:80)
	at com.yoyo.spot.mmaker.server.runners.StatusUpdater.run(StatusUpdater.java:50)
	at java.base/java.lang.Thread.run(Thread.java:830)
2020-08-28 19:57:32 [ERROR] - StatusUpdater error
java.lang.NullPointerException: null
	at java.base/java.util.Objects.requireNonNull(Objects.java:222)
	at java.base/java.util.Arrays$ArrayList.<init>(Arrays.java:4344)
	at java.base/java.util.Arrays.asList(Arrays.java:4331)
	at com.yoyo.spot.mmaker.server.runners.StatusUpdater.getAssets(StatusUpdater.java:80)
	at com.yoyo.spot.mmaker.server.runners.StatusUpdater.run(StatusUpdater.java:50)
	at java.base/java.lang.Thread.run(Thread.java:830)
2020-08-28 19:57:32 [ERROR] - StatusUpdater error
java.lang.NullPointerException: null
	at java.base/java.util.Objects.requireNonNull(Objects.java:222)
	at java.base/java.util.Arrays$ArrayList.<init>(Arrays.java:4344)
	at java.base/java.util.Arrays.asList(Arrays.java:4331)
	at com.yoyo.spot.mmaker.server.runners.StatusUpdater.getAssets(StatusUpdater.java:80)
	at com.yoyo.spot.mmaker.server.runners.StatusUpdater.run(StatusUpdater.java:50)
	at java.base/java.lang.Thread.run(Thread.java:830)
2020-08-28 19:57:32 [ERROR] - StatusUpdater error
java.lang.NullPointerException: null
	at java.base/java.util.Objects.requireNonNull(Objects.java:222)
	at java.base/java.util.Arrays$ArrayList.<init>(Arrays.java:4344)
	at java.base/java.util.Arrays.asList(Arrays.java:4331)
	at com.yoyo.spot.mmaker.server.runners.StatusUpdater.getAssets(StatusUpdater.java:80)
	at com.yoyo.spot.mmaker.server.runners.StatusUpdater.run(StatusUpdater.java:50)
	at java.base/java.lang.Thread.run(Thread.java:830)
2020-08-28 19:57:33 [ERROR] - StatusUpdater error
java.lang.NullPointerException: null
	at java.base/java.util.Objects.requireNonNull(Objects.java:222)
	at java.base/java.util.Arrays$ArrayList.<init>(Arrays.java:4344)
	at java.base/java.util.Arrays.asList(Arrays.java:4331)
	at com.yoyo.spot.mmaker.server.runners.StatusUpdater.getAssets(StatusUpdater.java:80)
	at com.yoyo.spot.mmaker.server.runners.StatusUpdater.run(StatusUpdater.java:50)
	at java.base/java.lang.Thread.run(Thread.java:830)
2020-08-28 19:57:33 [ERROR] - StatusUpdater error
java.lang.NullPointerException: null
	at java.base/java.util.Objects.requireNonNull(Objects.java:222)
	at java.base/java.util.Arrays$ArrayList.<init>(Arrays.java:4344)
	at java.base/java.util.Arrays.asList(Arrays.java:4331)
	at com.yoyo.spot.mmaker.server.runners.StatusUpdater.getAssets(StatusUpdater.java:80)
	at com.yoyo.spot.mmaker.server.runners.StatusUpdater.run(StatusUpdater.java:50)
	at java.base/java.lang.Thread.run(Thread.java:830)
2020-08-28 19:57:33 [ERROR] - StatusUpdater error
java.lang.NullPointerException: null
	at java.base/java.util.Objects.requireNonNull(Objects.java:222)
	at java.base/java.util.Arrays$ArrayList.<init>(Arrays.java:4344)
	at java.base/java.util.Arrays.asList(Arrays.java:4331)
	at com.yoyo.spot.mmaker.server.runners.StatusUpdater.getAssets(StatusUpdater.java:80)
	at com.yoyo.spot.mmaker.server.runners.StatusUpdater.run(StatusUpdater.java:50)
	at java.base/java.lang.Thread.run(Thread.java:830)
2020-08-28 19:57:33 [ERROR] - StatusUpdater error
java.lang.NullPointerException: null
	at java.base/java.util.Objects.requireNonNull(Objects.java:222)
	at java.base/java.util.Arrays$ArrayList.<init>(Arrays.java:4344)
	at java.base/java.util.Arrays.asList(Arrays.java:4331)
	at com.yoyo.spot.mmaker.server.runners.StatusUpdater.getAssets(StatusUpdater.java:80)
	at com.yoyo.spot.mmaker.server.runners.StatusUpdater.run(StatusUpdater.java:50)
	at java.base/java.lang.Thread.run(Thread.java:830)
2020-08-28 19:57:34 [ERROR] - StatusUpdater error
java.lang.NullPointerException: null
	at java.base/java.util.Objects.requireNonNull(Objects.java:222)
	at java.base/java.util.Arrays$ArrayList.<init>(Arrays.java:4344)
	at java.base/java.util.Arrays.asList(Arrays.java:4331)
	at com.yoyo.spot.mmaker.server.runners.StatusUpdater.getAssets(StatusUpdater.java:80)
	at com.yoyo.spot.mmaker.server.runners.StatusUpdater.run(StatusUpdater.java:50)
	at java.base/java.lang.Thread.run(Thread.java:830)
2020-08-28 19:57:34 [ERROR] - StatusUpdater error
java.lang.NullPointerException: null
	at java.base/java.util.Objects.requireNonNull(Objects.java:222)
	at java.base/java.util.Arrays$ArrayList.<init>(Arrays.java:4344)
	at java.base/java.util.Arrays.asList(Arrays.java:4331)
	at com.yoyo.spot.mmaker.server.runners.StatusUpdater.getAssets(StatusUpdater.java:80)
	at com.yoyo.spot.mmaker.server.runners.StatusUpdater.run(StatusUpdater.java:50)
	at java.base/java.lang.Thread.run(Thread.java:830)
2020-08-28 19:57:34 [ERROR] - StatusUpdater error
java.lang.NullPointerException: null
	at java.base/java.util.Objects.requireNonNull(Objects.java:222)
	at java.base/java.util.Arrays$ArrayList.<init>(Arrays.java:4344)
	at java.base/java.util.Arrays.asList(Arrays.java:4331)
	at com.yoyo.spot.mmaker.server.runners.StatusUpdater.getAssets(StatusUpdater.java:80)
	at com.yoyo.spot.mmaker.server.runners.StatusUpdater.run(StatusUpdater.java:50)
	at java.base/java.lang.Thread.run(Thread.java:830)
2020-08-28 19:57:34 [ERROR] - StatusUpdater error
java.lang.NullPointerException: null
	at java.base/java.util.Objects.requireNonNull(Objects.java:222)
	at java.base/java.util.Arrays$ArrayList.<init>(Arrays.java:4344)
	at java.base/java.util.Arrays.asList(Arrays.java:4331)
	at com.yoyo.spot.mmaker.server.runners.StatusUpdater.getAssets(StatusUpdater.java:80)
	at com.yoyo.spot.mmaker.server.runners.StatusUpdater.run(StatusUpdater.java:50)
	at java.base/java.lang.Thread.run(Thread.java:830)
2020-08-28 19:57:35 [ERROR] - StatusUpdater error
java.lang.NullPointerException: null
	at java.base/java.util.Objects.requireNonNull(Objects.java:222)
	at java.base/java.util.Arrays$ArrayList.<init>(Arrays.java:4344)
	at java.base/java.util.Arrays.asList(Arrays.java:4331)
	at com.yoyo.spot.mmaker.server.runners.StatusUpdater.getAssets(StatusUpdater.java:80)
	at com.yoyo.spot.mmaker.server.runners.StatusUpdater.run(StatusUpdater.java:50)
	at java.base/java.lang.Thread.run(Thread.java:830)
2020-08-28 19:57:35 [ERROR] - StatusUpdater error
java.lang.NullPointerException: null
	at java.base/java.util.Objects.requireNonNull(Objects.java:222)
	at java.base/java.util.Arrays$ArrayList.<init>(Arrays.java:4344)
	at java.base/java.util.Arrays.asList(Arrays.java:4331)
	at com.yoyo.spot.mmaker.server.runners.StatusUpdater.getAssets(StatusUpdater.java:80)
	at com.yoyo.spot.mmaker.server.runners.StatusUpdater.run(StatusUpdater.java:50)
	at java.base/java.lang.Thread.run(Thread.java:830)
2020-08-28 19:57:35 [ERROR] - StatusUpdater error
java.lang.NullPointerException: null
	at java.base/java.util.Objects.requireNonNull(Objects.java:222)
	at java.base/java.util.Arrays$ArrayList.<init>(Arrays.java:4344)
	at java.base/java.util.Arrays.asList(Arrays.java:4331)
	at com.yoyo.spot.mmaker.server.runners.StatusUpdater.getAssets(StatusUpdater.java:80)
	at com.yoyo.spot.mmaker.server.runners.StatusUpdater.run(StatusUpdater.java:50)
	at java.base/java.lang.Thread.run(Thread.java:830)
2020-08-28 19:57:35 [ERROR] - StatusUpdater error
java.lang.NullPointerException: null
	at java.base/java.util.Objects.requireNonNull(Objects.java:222)
	at java.base/java.util.Arrays$ArrayList.<init>(Arrays.java:4344)
	at java.base/java.util.Arrays.asList(Arrays.java:4331)
	at com.yoyo.spot.mmaker.server.runners.StatusUpdater.getAssets(StatusUpdater.java:80)
	at com.yoyo.spot.mmaker.server.runners.StatusUpdater.run(StatusUpdater.java:50)
	at java.base/java.lang.Thread.run(Thread.java:830)
2020-08-28 19:57:36 [ERROR] - StatusUpdater error
java.lang.NullPointerException: null
	at java.base/java.util.Objects.requireNonNull(Objects.java:222)
	at java.base/java.util.Arrays$ArrayList.<init>(Arrays.java:4344)
	at java.base/java.util.Arrays.asList(Arrays.java:4331)
	at com.yoyo.spot.mmaker.server.runners.StatusUpdater.getAssets(StatusUpdater.java:80)
	at com.yoyo.spot.mmaker.server.runners.StatusUpdater.run(StatusUpdater.java:50)
	at java.base/java.lang.Thread.run(Thread.java:830)
2020-08-28 19:57:36 [ERROR] - StatusUpdater error
java.lang.NullPointerException: null
	at java.base/java.util.Objects.requireNonNull(Objects.java:222)
	at java.base/java.util.Arrays$ArrayList.<init>(Arrays.java:4344)
	at java.base/java.util.Arrays.asList(Arrays.java:4331)
	at com.yoyo.spot.mmaker.server.runners.StatusUpdater.getAssets(StatusUpdater.java:80)
	at com.yoyo.spot.mmaker.server.runners.StatusUpdater.run(StatusUpdater.java:50)
	at java.base/java.lang.Thread.run(Thread.java:830)
2020-08-28 19:57:36 [ERROR] - StatusUpdater error
java.lang.NullPointerException: null
	at java.base/java.util.Objects.requireNonNull(Objects.java:222)
	at java.base/java.util.Arrays$ArrayList.<init>(Arrays.java:4344)
	at java.base/java.util.Arrays.asList(Arrays.java:4331)
	at com.yoyo.spot.mmaker.server.runners.StatusUpdater.getAssets(StatusUpdater.java:80)
	at com.yoyo.spot.mmaker.server.runners.StatusUpdater.run(StatusUpdater.java:50)
	at java.base/java.lang.Thread.run(Thread.java:830)
2020-08-28 19:57:36 [ERROR] - StatusUpdater error
java.lang.NullPointerException: null
	at java.base/java.util.Objects.requireNonNull(Objects.java:222)
	at java.base/java.util.Arrays$ArrayList.<init>(Arrays.java:4344)
	at java.base/java.util.Arrays.asList(Arrays.java:4331)
	at com.yoyo.spot.mmaker.server.runners.StatusUpdater.getAssets(StatusUpdater.java:80)
	at com.yoyo.spot.mmaker.server.runners.StatusUpdater.run(StatusUpdater.java:50)
	at java.base/java.lang.Thread.run(Thread.java:830)
2020-08-28 19:57:37 [ERROR] - StatusUpdater error
java.lang.NullPointerException: null
	at java.base/java.util.Objects.requireNonNull(Objects.java:222)
	at java.base/java.util.Arrays$ArrayList.<init>(Arrays.java:4344)
	at java.base/java.util.Arrays.asList(Arrays.java:4331)
	at com.yoyo.spot.mmaker.server.runners.StatusUpdater.getAssets(StatusUpdater.java:80)
	at com.yoyo.spot.mmaker.server.runners.StatusUpdater.run(StatusUpdater.java:50)
	at java.base/java.lang.Thread.run(Thread.java:830)
2020-08-28 19:57:37 [ERROR] - StatusUpdater error
java.lang.NullPointerException: null
	at java.base/java.util.Objects.requireNonNull(Objects.java:222)
	at java.base/java.util.Arrays$ArrayList.<init>(Arrays.java:4344)
	at java.base/java.util.Arrays.asList(Arrays.java:4331)
	at com.yoyo.spot.mmaker.server.runners.StatusUpdater.getAssets(StatusUpdater.java:80)
	at com.yoyo.spot.mmaker.server.runners.StatusUpdater.run(StatusUpdater.java:50)
	at java.base/java.lang.Thread.run(Thread.java:830)
2020-08-28 19:57:37 [ERROR] - StatusUpdater error
java.lang.NullPointerException: null
	at java.base/java.util.Objects.requireNonNull(Objects.java:222)
	at java.base/java.util.Arrays$ArrayList.<init>(Arrays.java:4344)
	at java.base/java.util.Arrays.asList(Arrays.java:4331)
	at com.yoyo.spot.mmaker.server.runners.StatusUpdater.getAssets(StatusUpdater.java:80)
	at com.yoyo.spot.mmaker.server.runners.StatusUpdater.run(StatusUpdater.java:50)
	at java.base/java.lang.Thread.run(Thread.java:830)
2020-08-28 19:57:37 [ERROR] - StatusUpdater error
java.lang.NullPointerException: null
	at java.base/java.util.Objects.requireNonNull(Objects.java:222)
	at java.base/java.util.Arrays$ArrayList.<init>(Arrays.java:4344)
	at java.base/java.util.Arrays.asList(Arrays.java:4331)
	at com.yoyo.spot.mmaker.server.runners.StatusUpdater.getAssets(StatusUpdater.java:80)
	at com.yoyo.spot.mmaker.server.runners.StatusUpdater.run(StatusUpdater.java:50)
	at java.base/java.lang.Thread.run(Thread.java:830)
2020-08-28 19:57:38 [ERROR] - StatusUpdater error
java.lang.NullPointerException: null
	at java.base/java.util.Objects.requireNonNull(Objects.java:222)
	at java.base/java.util.Arrays$ArrayList.<init>(Arrays.java:4344)
	at java.base/java.util.Arrays.asList(Arrays.java:4331)
	at com.yoyo.spot.mmaker.server.runners.StatusUpdater.getAssets(StatusUpdater.java:80)
	at com.yoyo.spot.mmaker.server.runners.StatusUpdater.run(StatusUpdater.java:50)
	at java.base/java.lang.Thread.run(Thread.java:830)
2020-08-28 19:57:38 [ERROR] - StatusUpdater error
java.lang.NullPointerException: null
	at java.base/java.util.Objects.requireNonNull(Objects.java:222)
	at java.base/java.util.Arrays$ArrayList.<init>(Arrays.java:4344)
	at java.base/java.util.Arrays.asList(Arrays.java:4331)
	at com.yoyo.spot.mmaker.server.runners.StatusUpdater.getAssets(StatusUpdater.java:80)
	at com.yoyo.spot.mmaker.server.runners.StatusUpdater.run(StatusUpdater.java:50)
	at java.base/java.lang.Thread.run(Thread.java:830)
2020-08-28 19:57:38 [ERROR] - StatusUpdater error
java.lang.NullPointerException: null
	at java.base/java.util.Objects.requireNonNull(Objects.java:222)
	at java.base/java.util.Arrays$ArrayList.<init>(Arrays.java:4344)
	at java.base/java.util.Arrays.asList(Arrays.java:4331)
	at com.yoyo.spot.mmaker.server.runners.StatusUpdater.getAssets(StatusUpdater.java:80)
	at com.yoyo.spot.mmaker.server.runners.StatusUpdater.run(StatusUpdater.java:50)
	at java.base/java.lang.Thread.run(Thread.java:830)
2020-08-28 19:57:38 [ERROR] - StatusUpdater error
java.lang.NullPointerException: null
	at java.base/java.util.Objects.requireNonNull(Objects.java:222)
	at java.base/java.util.Arrays$ArrayList.<init>(Arrays.java:4344)
	at java.base/java.util.Arrays.asList(Arrays.java:4331)
	at com.yoyo.spot.mmaker.server.runners.StatusUpdater.getAssets(StatusUpdater.java:80)
	at com.yoyo.spot.mmaker.server.runners.StatusUpdater.run(StatusUpdater.java:50)
	at java.base/java.lang.Thread.run(Thread.java:830)
2020-08-28 19:57:39 [ERROR] - StatusUpdater error
java.lang.NullPointerException: null
	at java.base/java.util.Objects.requireNonNull(Objects.java:222)
	at java.base/java.util.Arrays$ArrayList.<init>(Arrays.java:4344)
	at java.base/java.util.Arrays.asList(Arrays.java:4331)
	at com.yoyo.spot.mmaker.server.runners.StatusUpdater.getAssets(StatusUpdater.java:80)
	at com.yoyo.spot.mmaker.server.runners.StatusUpdater.run(StatusUpdater.java:50)
	at java.base/java.lang.Thread.run(Thread.java:830)
2020-08-28 19:57:39 [ERROR] - StatusUpdater error
java.lang.NullPointerException: null
	at java.base/java.util.Objects.requireNonNull(Objects.java:222)
	at java.base/java.util.Arrays$ArrayList.<init>(Arrays.java:4344)
	at java.base/java.util.Arrays.asList(Arrays.java:4331)
	at com.yoyo.spot.mmaker.server.runners.StatusUpdater.getAssets(StatusUpdater.java:80)
	at com.yoyo.spot.mmaker.server.runners.StatusUpdater.run(StatusUpdater.java:50)
	at java.base/java.lang.Thread.run(Thread.java:830)
2020-08-28 19:57:39 [ERROR] - [Sub][0] Unexpected error: timeout
2020-08-28 19:57:39 [ERROR] - [Sub][1] Unexpected error: Read timed out
2020-08-28 19:57:39 [ERROR] - [Sub][0] Connection is closing due to error
2020-08-28 19:57:39 [ERROR] - [Sub][1] Connection is closing due to error
2020-08-28 19:57:39 [ERROR] - StatusUpdater error
java.lang.NullPointerException: null
	at java.base/java.util.Objects.requireNonNull(Objects.java:222)
	at java.base/java.util.Arrays$ArrayList.<init>(Arrays.java:4344)
	at java.base/java.util.Arrays.asList(Arrays.java:4331)
	at com.yoyo.spot.mmaker.server.runners.StatusUpdater.getAssets(StatusUpdater.java:80)
	at com.yoyo.spot.mmaker.server.runners.StatusUpdater.run(StatusUpdater.java:50)
	at java.base/java.lang.Thread.run(Thread.java:830)
2020-08-28 19:57:39 [ERROR] - StatusUpdater error
java.lang.NullPointerException: null
	at java.base/java.util.Objects.requireNonNull(Objects.java:222)
	at java.base/java.util.Arrays$ArrayList.<init>(Arrays.java:4344)
	at java.base/java.util.Arrays.asList(Arrays.java:4331)
	at com.yoyo.spot.mmaker.server.runners.StatusUpdater.getAssets(StatusUpdater.java:80)
	at com.yoyo.spot.mmaker.server.runners.StatusUpdater.run(StatusUpdater.java:50)
	at java.base/java.lang.Thread.run(Thread.java:830)
2020-08-28 19:57:40 [ERROR] - StatusUpdater error
java.lang.NullPointerException: null
	at java.base/java.util.Objects.requireNonNull(Objects.java:222)
	at java.base/java.util.Arrays$ArrayList.<init>(Arrays.java:4344)
	at java.base/java.util.Arrays.asList(Arrays.java:4331)
	at com.yoyo.spot.mmaker.server.runners.StatusUpdater.getAssets(StatusUpdater.java:80)
	at com.yoyo.spot.mmaker.server.runners.StatusUpdater.run(StatusUpdater.java:50)
	at java.base/java.lang.Thread.run(Thread.java:830)
2020-08-28 19:57:40 [ERROR] - StatusUpdater error
java.lang.NullPointerException: null
	at java.base/java.util.Objects.requireNonNull(Objects.java:222)
	at java.base/java.util.Arrays$ArrayList.<init>(Arrays.java:4344)
	at java.base/java.util.Arrays.asList(Arrays.java:4331)
	at com.yoyo.spot.mmaker.server.runners.StatusUpdater.getAssets(StatusUpdater.java:80)
	at com.yoyo.spot.mmaker.server.runners.StatusUpdater.run(StatusUpdater.java:50)
	at java.base/java.lang.Thread.run(Thread.java:830)
2020-08-28 19:57:40 [ERROR] - StatusUpdater error
java.lang.NullPointerException: null
	at java.base/java.util.Objects.requireNonNull(Objects.java:222)
	at java.base/java.util.Arrays$ArrayList.<init>(Arrays.java:4344)
	at java.base/java.util.Arrays.asList(Arrays.java:4331)
	at com.yoyo.spot.mmaker.server.runners.StatusUpdater.getAssets(StatusUpdater.java:80)
	at com.yoyo.spot.mmaker.server.runners.StatusUpdater.run(StatusUpdater.java:50)
	at java.base/java.lang.Thread.run(Thread.java:830)
2020-08-28 19:57:40 [ERROR] - StatusUpdater error
java.lang.NullPointerException: null
	at java.base/java.util.Objects.requireNonNull(Objects.java:222)
	at java.base/java.util.Arrays$ArrayList.<init>(Arrays.java:4344)
	at java.base/java.util.Arrays.asList(Arrays.java:4331)
	at com.yoyo.spot.mmaker.server.runners.StatusUpdater.getAssets(StatusUpdater.java:80)
	at com.yoyo.spot.mmaker.server.runners.StatusUpdater.run(StatusUpdater.java:50)
	at java.base/java.lang.Thread.run(Thread.java:830)
2020-08-28 19:57:41 [ERROR] - StatusUpdater error
java.lang.NullPointerException: null
	at java.base/java.util.Objects.requireNonNull(Objects.java:222)
	at java.base/java.util.Arrays$ArrayList.<init>(Arrays.java:4344)
	at java.base/java.util.Arrays.asList(Arrays.java:4331)
	at com.yoyo.spot.mmaker.server.runners.StatusUpdater.getAssets(StatusUpdater.java:80)
	at com.yoyo.spot.mmaker.server.runners.StatusUpdater.run(StatusUpdater.java:50)
	at java.base/java.lang.Thread.run(Thread.java:830)
2020-08-28 19:57:41 [ERROR] - StatusUpdater error
java.lang.NullPointerException: null
	at java.base/java.util.Objects.requireNonNull(Objects.java:222)
	at java.base/java.util.Arrays$ArrayList.<init>(Arrays.java:4344)
	at java.base/java.util.Arrays.asList(Arrays.java:4331)
	at com.yoyo.spot.mmaker.server.runners.StatusUpdater.getAssets(StatusUpdater.java:80)
	at com.yoyo.spot.mmaker.server.runners.StatusUpdater.run(StatusUpdater.java:50)
	at java.base/java.lang.Thread.run(Thread.java:830)
2020-08-28 19:57:41 [ERROR] - StatusUpdater error
java.lang.NullPointerException: null
	at java.base/java.util.Objects.requireNonNull(Objects.java:222)
	at java.base/java.util.Arrays$ArrayList.<init>(Arrays.java:4344)
	at java.base/java.util.Arrays.asList(Arrays.java:4331)
	at com.yoyo.spot.mmaker.server.runners.StatusUpdater.getAssets(StatusUpdater.java:80)
	at com.yoyo.spot.mmaker.server.runners.StatusUpdater.run(StatusUpdater.java:50)
	at java.base/java.lang.Thread.run(Thread.java:830)
2020-08-28 19:57:41 [ERROR] - StatusUpdater error
java.lang.NullPointerException: null
	at java.base/java.util.Objects.requireNonNull(Objects.java:222)
	at java.base/java.util.Arrays$ArrayList.<init>(Arrays.java:4344)
	at java.base/java.util.Arrays.asList(Arrays.java:4331)
	at com.yoyo.spot.mmaker.server.runners.StatusUpdater.getAssets(StatusUpdater.java:80)
	at com.yoyo.spot.mmaker.server.runners.StatusUpdater.run(StatusUpdater.java:50)
	at java.base/java.lang.Thread.run(Thread.java:830)
2020-08-28 19:57:42 [ERROR] - StatusUpdater error
java.lang.NullPointerException: null
	at java.base/java.util.Objects.requireNonNull(Objects.java:222)
	at java.base/java.util.Arrays$ArrayList.<init>(Arrays.java:4344)
	at java.base/java.util.Arrays.asList(Arrays.java:4331)
	at com.yoyo.spot.mmaker.server.runners.StatusUpdater.getAssets(StatusUpdater.java:80)
	at com.yoyo.spot.mmaker.server.runners.StatusUpdater.run(StatusUpdater.java:50)
	at java.base/java.lang.Thread.run(Thread.java:830)
2020-08-28 19:57:42 [ERROR] - StatusUpdater error
java.lang.NullPointerException: null
	at java.base/java.util.Objects.requireNonNull(Objects.java:222)
	at java.base/java.util.Arrays$ArrayList.<init>(Arrays.java:4344)
	at java.base/java.util.Arrays.asList(Arrays.java:4331)
	at com.yoyo.spot.mmaker.server.runners.StatusUpdater.getAssets(StatusUpdater.java:80)
	at com.yoyo.spot.mmaker.server.runners.StatusUpdater.run(StatusUpdater.java:50)
	at java.base/java.lang.Thread.run(Thread.java:830)
2020-08-28 19:57:42 [ERROR] - StatusUpdater error
java.lang.NullPointerException: null
	at java.base/java.util.Objects.requireNonNull(Objects.java:222)
	at java.base/java.util.Arrays$ArrayList.<init>(Arrays.java:4344)
	at java.base/java.util.Arrays.asList(Arrays.java:4331)
	at com.yoyo.spot.mmaker.server.runners.StatusUpdater.getAssets(StatusUpdater.java:80)
	at com.yoyo.spot.mmaker.server.runners.StatusUpdater.run(StatusUpdater.java:50)
	at java.base/java.lang.Thread.run(Thread.java:830)
2020-08-28 19:57:43 [ERROR] - StatusUpdater error
java.lang.NullPointerException: null
	at java.base/java.util.Objects.requireNonNull(Objects.java:222)
	at java.base/java.util.Arrays$ArrayList.<init>(Arrays.java:4344)
	at java.base/java.util.Arrays.asList(Arrays.java:4331)
	at com.yoyo.spot.mmaker.server.runners.StatusUpdater.getAssets(StatusUpdater.java:80)
	at com.yoyo.spot.mmaker.server.runners.StatusUpdater.run(StatusUpdater.java:50)
	at java.base/java.lang.Thread.run(Thread.java:830)
2020-08-28 19:57:43 [ERROR] - StatusUpdater error
java.lang.NullPointerException: null
	at java.base/java.util.Objects.requireNonNull(Objects.java:222)
	at java.base/java.util.Arrays$ArrayList.<init>(Arrays.java:4344)
	at java.base/java.util.Arrays.asList(Arrays.java:4331)
	at com.yoyo.spot.mmaker.server.runners.StatusUpdater.getAssets(StatusUpdater.java:80)
	at com.yoyo.spot.mmaker.server.runners.StatusUpdater.run(StatusUpdater.java:50)
	at java.base/java.lang.Thread.run(Thread.java:830)
2020-08-28 19:57:43 [ERROR] - StatusUpdater error
java.lang.NullPointerException: null
	at java.base/java.util.Objects.requireNonNull(Objects.java:222)
	at java.base/java.util.Arrays$ArrayList.<init>(Arrays.java:4344)
	at java.base/java.util.Arrays.asList(Arrays.java:4331)
	at com.yoyo.spot.mmaker.server.runners.StatusUpdater.getAssets(StatusUpdater.java:80)
	at com.yoyo.spot.mmaker.server.runners.StatusUpdater.run(StatusUpdater.java:50)
	at java.base/java.lang.Thread.run(Thread.java:830)
2020-08-28 19:57:43 [ERROR] - StatusUpdater error
java.lang.NullPointerException: null
	at java.base/java.util.Objects.requireNonNull(Objects.java:222)
	at java.base/java.util.Arrays$ArrayList.<init>(Arrays.java:4344)
	at java.base/java.util.Arrays.asList(Arrays.java:4331)
	at com.yoyo.spot.mmaker.server.runners.StatusUpdater.getAssets(StatusUpdater.java:80)
	at com.yoyo.spot.mmaker.server.runners.StatusUpdater.run(StatusUpdater.java:50)
	at java.base/java.lang.Thread.run(Thread.java:830)
2020-08-28 19:57:44 [ERROR] - StatusUpdater error
java.lang.NullPointerException: null
	at java.base/java.util.Objects.requireNonNull(Objects.java:222)
	at java.base/java.util.Arrays$ArrayList.<init>(Arrays.java:4344)
	at java.base/java.util.Arrays.asList(Arrays.java:4331)
	at com.yoyo.spot.mmaker.server.runners.StatusUpdater.getAssets(StatusUpdater.java:80)
	at com.yoyo.spot.mmaker.server.runners.StatusUpdater.run(StatusUpdater.java:50)
	at java.base/java.lang.Thread.run(Thread.java:830)
2020-08-28 19:57:44 [ERROR] - StatusUpdater error
java.lang.NullPointerException: null
	at java.base/java.util.Objects.requireNonNull(Objects.java:222)
	at java.base/java.util.Arrays$ArrayList.<init>(Arrays.java:4344)
	at java.base/java.util.Arrays.asList(Arrays.java:4331)
	at com.yoyo.spot.mmaker.server.runners.StatusUpdater.getAssets(StatusUpdater.java:80)
	at com.yoyo.spot.mmaker.server.runners.StatusUpdater.run(StatusUpdater.java:50)
	at java.base/java.lang.Thread.run(Thread.java:830)
2020-08-28 19:57:44 [ERROR] - StatusUpdater error
java.lang.NullPointerException: null
	at java.base/java.util.Objects.requireNonNull(Objects.java:222)
	at java.base/java.util.Arrays$ArrayList.<init>(Arrays.java:4344)
	at java.base/java.util.Arrays.asList(Arrays.java:4331)
	at com.yoyo.spot.mmaker.server.runners.StatusUpdater.getAssets(StatusUpdater.java:80)
	at com.yoyo.spot.mmaker.server.runners.StatusUpdater.run(StatusUpdater.java:50)
	at java.base/java.lang.Thread.run(Thread.java:830)
2020-08-28 19:57:44 [ERROR] - StatusUpdater error
java.lang.NullPointerException: null
	at java.base/java.util.Objects.requireNonNull(Objects.java:222)
	at java.base/java.util.Arrays$ArrayList.<init>(Arrays.java:4344)
	at java.base/java.util.Arrays.asList(Arrays.java:4331)
	at com.yoyo.spot.mmaker.server.runners.StatusUpdater.getAssets(StatusUpdater.java:80)
	at com.yoyo.spot.mmaker.server.runners.StatusUpdater.run(StatusUpdater.java:50)
	at java.base/java.lang.Thread.run(Thread.java:830)
2020-08-28 19:58:05 [ERROR] - StatusUpdater error
java.lang.NullPointerException: null
	at java.base/java.util.Objects.requireNonNull(Objects.java:222)
	at java.base/java.util.Arrays$ArrayList.<init>(Arrays.java:4344)
	at java.base/java.util.Arrays.asList(Arrays.java:4331)
	at com.yoyo.spot.mmaker.server.runners.StatusUpdater.getAssets(StatusUpdater.java:80)
	at com.yoyo.spot.mmaker.server.runners.StatusUpdater.run(StatusUpdater.java:50)
	at java.base/java.lang.Thread.run(Thread.java:830)
2020-08-28 19:59:07 [INFO] - Starting App on wenzhiweideMacBook-Pro.local with PID 94501 (/Users/wenzhiwei/workspace/maket-maker/target/classes started by wenzhiwei in /Users/wenzhiwei/workspace/maket-maker)
2020-08-28 19:59:07 [INFO] - The following profiles are active: prod
2020-08-28 19:59:09 [INFO] - Tomcat initialized with port(s): 9334 (http)
2020-08-28 19:59:09 [INFO] - Initializing ProtocolHandler ["http-nio-9334"]
2020-08-28 19:59:09 [INFO] - Starting service [Tomcat]
2020-08-28 19:59:09 [INFO] - Starting Servlet engine: [Apache Tomcat/9.0.16]
2020-08-28 19:59:09 [INFO] - The APR based Apache Tomcat Native library which allows optimal performance in production environments was not found on the java.library.path: [/Users/wenzhiwei/Library/Java/Extensions:/Library/Java/Extensions:/Network/Library/Java/Extensions:/System/Library/Java/Extensions:/usr/lib/java:.]
2020-08-28 19:59:09 [INFO] - Initializing Spring embedded WebApplicationContext
2020-08-28 19:59:09 [INFO] - Root WebApplicationContext: initialization completed in 1768 ms
2020-08-28 19:59:10 [INFO] - 交易对:BTCUSDT 账户订单同步启动
2020-08-28 19:59:10 [INFO] - [Sub] Connection [id: 0] created for PriceDepth for [btcusdt]
2020-08-28 19:59:10 [INFO] - [Sub][0] Connecting...
2020-08-28 19:59:10 [INFO] - [Sub] Connection [id: 1] created for Trade for [btcusdt]
2020-08-28 19:59:10 [INFO] - [Sub][1] Connecting...
2020-08-28 19:59:10 [WARN] - Exception encountered during context initialization - cancelling refresh attempt: org.springframework.beans.factory.BeanCreationException: Error creating bean with name 'mainCoinMakerCategory': Invocation of init method failed; nested exception is java.lang.NullPointerException
2020-08-28 19:59:31 [ERROR] - [Sub][0] Unexpected error: Read timed out
2020-08-28 19:59:31 [ERROR] - [Sub][1] Unexpected error: timeout
2020-08-28 19:59:31 [ERROR] - [Sub][0] Connection is closing due to error
2020-08-28 19:59:31 [ERROR] - [Sub][1] Connection is closing due to error
2020-08-28 19:59:31 [INFO] - Stopping service [Tomcat]
2020-08-28 19:59:31 [ERROR] - StatusUpdater error
java.lang.NullPointerException: null
	at java.base/java.util.Objects.requireNonNull(Objects.java:222)
	at java.base/java.util.Arrays$ArrayList.<init>(Arrays.java:4344)
	at java.base/java.util.Arrays.asList(Arrays.java:4331)
	at com.yoyo.spot.mmaker.server.runners.StatusUpdater.getAssets(StatusUpdater.java:80)
	at com.yoyo.spot.mmaker.server.runners.StatusUpdater.run(StatusUpdater.java:50)
	at java.base/java.lang.Thread.run(Thread.java:830)
2020-08-28 19:59:31 [INFO] - 

Error starting ApplicationContext. To display the conditions report re-run your application with 'debug' enabled.
2020-08-28 19:59:31 [ERROR] - Application run failed
org.springframework.beans.factory.BeanCreationException: Error creating bean with name 'mainCoinMakerCategory': Invocation of init method failed; nested exception is java.lang.NullPointerException
	at org.springframework.beans.factory.annotation.InitDestroyAnnotationBeanPostProcessor.postProcessBeforeInitialization(InitDestroyAnnotationBeanPostProcessor.java:139)
	at org.springframework.beans.factory.support.AbstractAutowireCapableBeanFactory.applyBeanPostProcessorsBeforeInitialization(AbstractAutowireCapableBeanFactory.java:414)
	at org.springframework.beans.factory.support.AbstractAutowireCapableBeanFactory.initializeBean(AbstractAutowireCapableBeanFactory.java:1754)
	at org.springframework.beans.factory.support.AbstractAutowireCapableBeanFactory.doCreateBean(AbstractAutowireCapableBeanFactory.java:593)
	at org.springframework.beans.factory.support.AbstractAutowireCapableBeanFactory.createBean(AbstractAutowireCapableBeanFactory.java:515)
	at org.springframework.beans.factory.support.AbstractBeanFactory.lambda$doGetBean$0(AbstractBeanFactory.java:320)
	at org.springframework.beans.factory.support.DefaultSingletonBeanRegistry.getSingleton(DefaultSingletonBeanRegistry.java:222)
	at org.springframework.beans.factory.support.AbstractBeanFactory.doGetBean(AbstractBeanFactory.java:318)
	at org.springframework.beans.factory.support.AbstractBeanFactory.getBean(AbstractBeanFactory.java:199)
	at org.springframework.beans.factory.support.DefaultListableBeanFactory.preInstantiateSingletons(DefaultListableBeanFactory.java:849)
	at org.springframework.context.support.AbstractApplicationContext.finishBeanFactoryInitialization(AbstractApplicationContext.java:877)
	at org.springframework.context.support.AbstractApplicationContext.refresh(AbstractApplicationContext.java:549)
	at org.springframework.boot.web.servlet.context.ServletWebServerApplicationContext.refresh(ServletWebServerApplicationContext.java:142)
	at org.springframework.boot.SpringApplication.refresh(SpringApplication.java:775)
	at org.springframework.boot.SpringApplication.refreshContext(SpringApplication.java:397)
	at org.springframework.boot.SpringApplication.run(SpringApplication.java:316)
	at org.springframework.boot.SpringApplication.run(SpringApplication.java:1260)
	at org.springframework.boot.SpringApplication.run(SpringApplication.java:1248)
	at com.yoyo.spot.mmaker.server.App.main(App.java:32)
Caused by: java.lang.NullPointerException: null
	at com.yoyo.spot.mmaker.server.runners.MarketMaker.initAsset(MarketMaker.java:66)
	at com.yoyo.spot.mmaker.server.runners.MarketMaker.<init>(MarketMaker.java:60)
	at com.yoyo.spot.mmaker.server.category.MainCoinMakerCategory.init(MainCoinMakerCategory.java:79)
	at java.base/jdk.internal.reflect.NativeMethodAccessorImpl.invoke0(Native Method)
	at java.base/jdk.internal.reflect.NativeMethodAccessorImpl.invoke(NativeMethodAccessorImpl.java:62)
	at java.base/jdk.internal.reflect.DelegatingMethodAccessorImpl.invoke(DelegatingMethodAccessorImpl.java:43)
	at java.base/java.lang.reflect.Method.invoke(Method.java:567)
	at org.springframework.beans.factory.annotation.InitDestroyAnnotationBeanPostProcessor$LifecycleElement.invoke(InitDestroyAnnotationBeanPostProcessor.java:363)
	at org.springframework.beans.factory.annotation.InitDestroyAnnotationBeanPostProcessor$LifecycleMetadata.invokeInitMethods(InitDestroyAnnotationBeanPostProcessor.java:307)
	at org.springframework.beans.factory.annotation.InitDestroyAnnotationBeanPostProcessor.postProcessBeforeInitialization(InitDestroyAnnotationBeanPostProcessor.java:136)
	... 18 common frames omitted
2020-08-28 20:01:31 [INFO] - Starting App on wenzhiweideMacBook-Pro.local with PID 95129 (/Users/wenzhiwei/workspace/maket-maker/target/classes started by wenzhiwei in /Users/wenzhiwei/workspace/maket-maker)
2020-08-28 20:01:31 [INFO] - The following profiles are active: prod
2020-08-28 20:01:32 [INFO] - Tomcat initialized with port(s): 9334 (http)
2020-08-28 20:01:32 [INFO] - Initializing ProtocolHandler ["http-nio-9334"]
2020-08-28 20:01:32 [INFO] - Starting service [Tomcat]
2020-08-28 20:01:32 [INFO] - Starting Servlet engine: [Apache Tomcat/9.0.16]
2020-08-28 20:01:32 [INFO] - The APR based Apache Tomcat Native library which allows optimal performance in production environments was not found on the java.library.path: [/Users/wenzhiwei/Library/Java/Extensions:/Library/Java/Extensions:/Network/Library/Java/Extensions:/System/Library/Java/Extensions:/usr/lib/java:.]
2020-08-28 20:01:32 [INFO] - Initializing Spring embedded WebApplicationContext
2020-08-28 20:01:32 [INFO] - Root WebApplicationContext: initialization completed in 1691 ms
2020-08-28 20:01:33 [INFO] - 交易对:BTCUSDT 账户订单同步启动
2020-08-28 20:01:33 [INFO] - [Sub] Connection [id: 0] created for PriceDepth for [btcusdt]
2020-08-28 20:01:33 [INFO] - [Sub][0] Connecting...
2020-08-28 20:01:33 [INFO] - [Sub] Connection [id: 1] created for Trade for [btcusdt]
2020-08-28 20:01:33 [INFO] - [Sub][1] Connecting...
2020-08-28 20:03:32 [WARN] - Exception encountered during context initialization - cancelling refresh attempt: org.springframework.beans.factory.BeanCreationException: Error creating bean with name 'mainCoinMakerCategory': Invocation of init method failed; nested exception is java.lang.NullPointerException
2020-08-28 20:03:32 [ERROR] - StatusUpdater error
java.lang.NullPointerException: null
	at java.base/java.util.Objects.requireNonNull(Objects.java:222)
	at java.base/java.util.Arrays$ArrayList.<init>(Arrays.java:4344)
	at java.base/java.util.Arrays.asList(Arrays.java:4331)
	at com.yoyo.spot.mmaker.server.runners.StatusUpdater.getAssets(StatusUpdater.java:80)
	at com.yoyo.spot.mmaker.server.runners.StatusUpdater.run(StatusUpdater.java:50)
	at java.base/java.lang.Thread.run(Thread.java:830)
2020-08-28 20:03:32 [INFO] - Stopping service [Tomcat]
2020-08-28 20:03:32 [ERROR] - [Sub][0] Unexpected error: timeout
2020-08-28 20:03:32 [ERROR] - [Sub][1] Unexpected error: Unexpected response code for CONNECT: 503
2020-08-28 20:03:32 [ERROR] - [Sub][1] Connection is closing due to error
2020-08-28 20:03:32 [ERROR] - [Sub][0] Connection is closing due to error
2020-08-28 20:03:32 [INFO] - 

Error starting ApplicationContext. To display the conditions report re-run your application with 'debug' enabled.
2020-08-28 20:03:32 [ERROR] - Application run failed
org.springframework.beans.factory.BeanCreationException: Error creating bean with name 'mainCoinMakerCategory': Invocation of init method failed; nested exception is java.lang.NullPointerException
	at org.springframework.beans.factory.annotation.InitDestroyAnnotationBeanPostProcessor.postProcessBeforeInitialization(InitDestroyAnnotationBeanPostProcessor.java:139)
	at org.springframework.beans.factory.support.AbstractAutowireCapableBeanFactory.applyBeanPostProcessorsBeforeInitialization(AbstractAutowireCapableBeanFactory.java:414)
	at org.springframework.beans.factory.support.AbstractAutowireCapableBeanFactory.initializeBean(AbstractAutowireCapableBeanFactory.java:1754)
	at org.springframework.beans.factory.support.AbstractAutowireCapableBeanFactory.doCreateBean(AbstractAutowireCapableBeanFactory.java:593)
	at org.springframework.beans.factory.support.AbstractAutowireCapableBeanFactory.createBean(AbstractAutowireCapableBeanFactory.java:515)
	at org.springframework.beans.factory.support.AbstractBeanFactory.lambda$doGetBean$0(AbstractBeanFactory.java:320)
	at org.springframework.beans.factory.support.DefaultSingletonBeanRegistry.getSingleton(DefaultSingletonBeanRegistry.java:222)
	at org.springframework.beans.factory.support.AbstractBeanFactory.doGetBean(AbstractBeanFactory.java:318)
	at org.springframework.beans.factory.support.AbstractBeanFactory.getBean(AbstractBeanFactory.java:199)
	at org.springframework.beans.factory.support.DefaultListableBeanFactory.preInstantiateSingletons(DefaultListableBeanFactory.java:849)
	at org.springframework.context.support.AbstractApplicationContext.finishBeanFactoryInitialization(AbstractApplicationContext.java:877)
	at org.springframework.context.support.AbstractApplicationContext.refresh(AbstractApplicationContext.java:549)
	at org.springframework.boot.web.servlet.context.ServletWebServerApplicationContext.refresh(ServletWebServerApplicationContext.java:142)
	at org.springframework.boot.SpringApplication.refresh(SpringApplication.java:775)
	at org.springframework.boot.SpringApplication.refreshContext(SpringApplication.java:397)
	at org.springframework.boot.SpringApplication.run(SpringApplication.java:316)
	at org.springframework.boot.SpringApplication.run(SpringApplication.java:1260)
	at org.springframework.boot.SpringApplication.run(SpringApplication.java:1248)
	at com.yoyo.spot.mmaker.server.App.main(App.java:32)
Caused by: java.lang.NullPointerException: null
	at com.yoyo.spot.mmaker.server.runners.MarketMaker.initAsset(MarketMaker.java:66)
	at com.yoyo.spot.mmaker.server.runners.MarketMaker.<init>(MarketMaker.java:60)
	at com.yoyo.spot.mmaker.server.category.MainCoinMakerCategory.init(MainCoinMakerCategory.java:79)
	at java.base/jdk.internal.reflect.NativeMethodAccessorImpl.invoke0(Native Method)
	at java.base/jdk.internal.reflect.NativeMethodAccessorImpl.invoke(NativeMethodAccessorImpl.java:62)
	at java.base/jdk.internal.reflect.DelegatingMethodAccessorImpl.invoke(DelegatingMethodAccessorImpl.java:43)
	at java.base/java.lang.reflect.Method.invoke(Method.java:567)
	at org.springframework.beans.factory.annotation.InitDestroyAnnotationBeanPostProcessor$LifecycleElement.invoke(InitDestroyAnnotationBeanPostProcessor.java:363)
	at org.springframework.beans.factory.annotation.InitDestroyAnnotationBeanPostProcessor$LifecycleMetadata.invokeInitMethods(InitDestroyAnnotationBeanPostProcessor.java:307)
	at org.springframework.beans.factory.annotation.InitDestroyAnnotationBeanPostProcessor.postProcessBeforeInitialization(InitDestroyAnnotationBeanPostProcessor.java:136)
	... 18 common frames omitted
2020-08-28 20:03:53 [INFO] - Starting App on wenzhiweideMacBook-Pro.local with PID 95709 (/Users/wenzhiwei/workspace/maket-maker/target/classes started by wenzhiwei in /Users/wenzhiwei/workspace/maket-maker)
2020-08-28 20:03:53 [INFO] - The following profiles are active: prod
2020-08-28 20:03:54 [INFO] - Tomcat initialized with port(s): 9334 (http)
2020-08-28 20:03:54 [INFO] - Initializing ProtocolHandler ["http-nio-9334"]
2020-08-28 20:03:54 [INFO] - Starting service [Tomcat]
2020-08-28 20:03:54 [INFO] - Starting Servlet engine: [Apache Tomcat/9.0.16]
2020-08-28 20:03:54 [INFO] - The APR based Apache Tomcat Native library which allows optimal performance in production environments was not found on the java.library.path: [/Users/wenzhiwei/Library/Java/Extensions:/Library/Java/Extensions:/Network/Library/Java/Extensions:/System/Library/Java/Extensions:/usr/lib/java:.]
2020-08-28 20:03:54 [INFO] - Initializing Spring embedded WebApplicationContext
2020-08-28 20:03:54 [INFO] - Root WebApplicationContext: initialization completed in 1719 ms
2020-08-28 20:03:55 [INFO] - 交易对:BTCUSDT 账户订单同步启动
2020-08-28 20:03:55 [INFO] - [Sub] Connection [id: 0] created for PriceDepth for [btcusdt]
2020-08-28 20:03:55 [INFO] - [Sub][0] Connecting...
2020-08-28 20:03:55 [INFO] - [Sub] Connection [id: 1] created for Trade for [btcusdt]
2020-08-28 20:03:55 [INFO] - [Sub][1] Connecting...
2020-08-28 20:03:56 [ERROR] - [Sub][0] Unexpected error: Unexpected response code for CONNECT: 503
2020-08-28 20:03:56 [ERROR] - [Sub][0] Connection is closing due to error
2020-08-28 20:03:56 [ERROR] - [Sub][1] Unexpected error: Unexpected response code for CONNECT: 503
2020-08-28 20:03:56 [ERROR] - [Sub][1] Connection is closing due to error
2020-08-28 20:04:04 [INFO] - 交易对:BTCUSDT 挂单刷量策略启动
2020-08-28 20:04:05 [INFO] - Initializing ExecutorService 'applicationTaskExecutor'
2020-08-28 20:04:09 [INFO] - Initializing ExecutorService 'taskScheduler'
2020-08-28 20:04:09 [INFO] - Exposing 15 endpoint(s) beneath base path ''
2020-08-28 20:04:09 [INFO] - Starting ProtocolHandler ["http-nio-9334"]
2020-08-28 20:04:09 [INFO] - Tomcat started on port(s): 9334 (http) with context path ''
2020-08-28 20:04:09 [INFO] - Started App in 22.029 seconds (JVM running for 22.798)
2020-08-28 20:06:22 [INFO] - Shutting down ExecutorService 'taskScheduler'
2020-08-28 20:06:22 [INFO] - Shutting down ExecutorService 'applicationTaskExecutor'
2020-08-28 20:06:57 [INFO] - Starting App on wenzhiweideMacBook-Pro.local with PID 96588 (/Users/wenzhiwei/workspace/maket-maker/target/classes started by wenzhiwei in /Users/wenzhiwei/workspace/maket-maker)
2020-08-28 20:06:57 [INFO] - The following profiles are active: prod
2020-08-28 20:06:58 [INFO] - Tomcat initialized with port(s): 9334 (http)
2020-08-28 20:06:58 [INFO] - Initializing ProtocolHandler ["http-nio-9334"]
2020-08-28 20:06:58 [INFO] - Starting service [Tomcat]
2020-08-28 20:06:58 [INFO] - Starting Servlet engine: [Apache Tomcat/9.0.16]
2020-08-28 20:06:58 [INFO] - The APR based Apache Tomcat Native library which allows optimal performance in production environments was not found on the java.library.path: [/Users/wenzhiwei/Library/Java/Extensions:/Library/Java/Extensions:/Network/Library/Java/Extensions:/System/Library/Java/Extensions:/usr/lib/java:.]
2020-08-28 20:06:58 [INFO] - Initializing Spring embedded WebApplicationContext
2020-08-28 20:06:58 [INFO] - Root WebApplicationContext: initialization completed in 1538 ms
2020-08-28 20:06:59 [INFO] - 交易对:BTCUSDT 账户订单同步启动
2020-08-28 20:06:59 [INFO] - [Sub] Connection [id: 0] created for PriceDepth for [btcusdt]
2020-08-28 20:06:59 [INFO] - [Sub][0] Connecting...
2020-08-28 20:06:59 [INFO] - [Sub] Connection [id: 1] created for Trade for [btcusdt]
2020-08-28 20:06:59 [INFO] - [Sub][1] Connecting...
2020-08-28 20:06:59 [ERROR] - [Sub][0] Unexpected error: Unexpected response code for CONNECT: 503
2020-08-28 20:06:59 [ERROR] - [Sub][0] Connection is closing due to error
2020-08-28 20:06:59 [ERROR] - [Sub][1] Unexpected error: Unexpected response code for CONNECT: 503
2020-08-28 20:06:59 [ERROR] - [Sub][1] Connection is closing due to error
2020-08-28 20:07:00 [INFO] - 交易对:BTCUSDT 挂单刷量策略启动
2020-08-28 20:07:00 [INFO] - Initializing ExecutorService 'applicationTaskExecutor'
2020-08-28 20:07:00 [INFO] - Initializing ExecutorService 'taskScheduler'
2020-08-28 20:07:00 [INFO] - Exposing 15 endpoint(s) beneath base path ''
2020-08-28 20:07:00 [INFO] - Starting ProtocolHandler ["http-nio-9334"]
2020-08-28 20:07:00 [INFO] - Tomcat started on port(s): 9334 (http) with context path ''
2020-08-28 20:07:00 [INFO] - Started App in 8.986 seconds (JVM running for 9.686)
2020-08-28 20:07:45 [INFO] - Shutting down ExecutorService 'taskScheduler'
2020-08-28 20:07:45 [INFO] - Shutting down ExecutorService 'applicationTaskExecutor'
2020-08-28 20:07:59 [INFO] - Starting App on wenzhiweideMacBook-Pro.local with PID 96876 (/Users/wenzhiwei/workspace/maket-maker/target/classes started by wenzhiwei in /Users/wenzhiwei/workspace/maket-maker)
2020-08-28 20:07:59 [INFO] - The following profiles are active: prod
2020-08-28 20:08:00 [INFO] - Tomcat initialized with port(s): 9334 (http)
2020-08-28 20:08:00 [INFO] - Initializing ProtocolHandler ["http-nio-9334"]
2020-08-28 20:08:00 [INFO] - Starting service [Tomcat]
2020-08-28 20:08:00 [INFO] - Starting Servlet engine: [Apache Tomcat/9.0.16]
2020-08-28 20:08:00 [INFO] - The APR based Apache Tomcat Native library which allows optimal performance in production environments was not found on the java.library.path: [/Users/wenzhiwei/Library/Java/Extensions:/Library/Java/Extensions:/Network/Library/Java/Extensions:/System/Library/Java/Extensions:/usr/lib/java:.]
2020-08-28 20:08:00 [INFO] - Initializing Spring embedded WebApplicationContext
2020-08-28 20:08:00 [INFO] - Root WebApplicationContext: initialization completed in 1547 ms
2020-08-28 20:08:01 [INFO] - 交易对:BTCUSDT 账户订单同步启动
2020-08-28 20:08:07 [INFO] - [Sub] Connection [id: 0] created for PriceDepth for [btcusdt]
2020-08-28 20:08:07 [INFO] - [Sub][0] Connecting...
2020-08-28 20:08:07 [INFO] - [Sub] Connection [id: 1] created for Trade for [btcusdt]
2020-08-28 20:08:07 [INFO] - [Sub][1] Connecting...
2020-08-28 20:08:08 [INFO] - 交易对:BTCUSDT 挂单刷量策略启动
2020-08-28 20:08:08 [INFO] - Initializing ExecutorService 'applicationTaskExecutor'
2020-08-28 20:08:08 [INFO] - Initializing ExecutorService 'taskScheduler'
2020-08-28 20:08:08 [INFO] - Exposing 15 endpoint(s) beneath base path ''
2020-08-28 20:08:08 [INFO] - Starting ProtocolHandler ["http-nio-9334"]
2020-08-28 20:08:08 [INFO] - Tomcat started on port(s): 9334 (http) with context path ''
2020-08-28 20:08:08 [INFO] - Started App in 14.943 seconds (JVM running for 15.637)
2020-08-28 20:08:17 [ERROR] - [Sub][1] Unexpected error: Read timed out
2020-08-28 20:08:17 [ERROR] - [Sub][1] Connection is closing due to error
2020-08-28 20:08:17 [ERROR] - [Sub][0] Unexpected error: timeout
2020-08-28 20:08:17 [ERROR] - [Sub][0] Connection is closing due to error
2020-08-28 20:15:38 [ERROR] - StatusUpdater error
java.lang.NullPointerException: null
	at java.base/java.util.Objects.requireNonNull(Objects.java:222)
	at java.base/java.util.Arrays$ArrayList.<init>(Arrays.java:4344)
	at java.base/java.util.Arrays.asList(Arrays.java:4331)
	at com.yoyo.spot.mmaker.server.runners.StatusUpdater.getAssets(StatusUpdater.java:80)
	at com.yoyo.spot.mmaker.server.runners.StatusUpdater.run(StatusUpdater.java:50)
	at java.base/java.lang.Thread.run(Thread.java:830)
2020-08-28 21:20:53 [ERROR] - StatusUpdater error
java.lang.NullPointerException: null
	at java.base/java.util.Objects.requireNonNull(Objects.java:222)
	at java.base/java.util.Arrays$ArrayList.<init>(Arrays.java:4344)
	at java.base/java.util.Arrays.asList(Arrays.java:4331)
	at com.yoyo.spot.mmaker.server.runners.StatusUpdater.getAssets(StatusUpdater.java:80)
	at com.yoyo.spot.mmaker.server.runners.StatusUpdater.run(StatusUpdater.java:50)
	at java.base/java.lang.Thread.run(Thread.java:830)
2020-08-28 22:24:46 [ERROR] - StatusUpdater error
java.lang.NullPointerException: null
	at java.base/java.util.Objects.requireNonNull(Objects.java:222)
	at java.base/java.util.Arrays$ArrayList.<init>(Arrays.java:4344)
	at java.base/java.util.Arrays.asList(Arrays.java:4331)
	at com.yoyo.spot.mmaker.server.runners.StatusUpdater.getAssets(StatusUpdater.java:80)
	at com.yoyo.spot.mmaker.server.runners.StatusUpdater.run(StatusUpdater.java:50)
	at java.base/java.lang.Thread.run(Thread.java:830)
2020-08-28 22:25:30 [INFO] - Starting App on wenzhiweideMacBook-Pro.local with PID 21037 (/Users/wenzhiwei/workspace/maket-maker/target/classes started by wenzhiwei in /Users/wenzhiwei/workspace/maket-maker)
2020-08-28 22:25:30 [INFO] - The following profiles are active: prod
2020-08-28 22:25:31 [INFO] - Tomcat initialized with port(s): 9334 (http)
2020-08-28 22:25:31 [INFO] - Initializing ProtocolHandler ["http-nio-9334"]
2020-08-28 22:25:32 [INFO] - Starting service [Tomcat]
2020-08-28 22:25:32 [INFO] - Starting Servlet engine: [Apache Tomcat/9.0.16]
2020-08-28 22:25:32 [INFO] - The APR based Apache Tomcat Native library which allows optimal performance in production environments was not found on the java.library.path: [/Users/wenzhiwei/Library/Java/Extensions:/Library/Java/Extensions:/Network/Library/Java/Extensions:/System/Library/Java/Extensions:/usr/lib/java:.]
2020-08-28 22:25:32 [INFO] - Initializing Spring embedded WebApplicationContext
2020-08-28 22:25:32 [INFO] - Root WebApplicationContext: initialization completed in 1629 ms
2020-08-28 22:25:36 [INFO] - 交易对:BTCUSDT 账户订单同步启动
2020-08-28 22:25:36 [INFO] - [Sub] Connection [id: 0] created for PriceDepth for [btcusdt]
2020-08-28 22:25:36 [INFO] - [Sub][0] Connecting...
2020-08-28 22:25:36 [INFO] - [Sub] Connection [id: 1] created for Trade for [btcusdt]
2020-08-28 22:25:36 [INFO] - [Sub][1] Connecting...
2020-08-28 22:25:37 [INFO] - 交易对:BTCUSDT 挂单刷量策略启动
2020-08-28 22:25:38 [INFO] - Initializing ExecutorService 'applicationTaskExecutor'
2020-08-28 22:25:38 [INFO] - Initializing ExecutorService 'taskScheduler'
2020-08-28 22:25:38 [INFO] - Exposing 15 endpoint(s) beneath base path ''
2020-08-28 22:25:38 [INFO] - Starting ProtocolHandler ["http-nio-9334"]
2020-08-28 22:25:38 [ERROR] - Failed to start component [Connector[HTTP/1.1-9334]]
org.apache.catalina.LifecycleException: Protocol handler start failed
	at org.apache.catalina.connector.Connector.startInternal(Connector.java:1008)
	at org.apache.catalina.util.LifecycleBase.start(LifecycleBase.java:183)
	at org.apache.catalina.core.StandardService.addConnector(StandardService.java:226)
	at org.springframework.boot.web.embedded.tomcat.TomcatWebServer.addPreviouslyRemovedConnectors(TomcatWebServer.java:259)
	at org.springframework.boot.web.embedded.tomcat.TomcatWebServer.start(TomcatWebServer.java:197)
	at org.springframework.boot.web.servlet.context.ServletWebServerApplicationContext.startWebServer(ServletWebServerApplicationContext.java:311)
	at org.springframework.boot.web.servlet.context.ServletWebServerApplicationContext.finishRefresh(ServletWebServerApplicationContext.java:164)
	at org.springframework.context.support.AbstractApplicationContext.refresh(AbstractApplicationContext.java:552)
	at org.springframework.boot.web.servlet.context.ServletWebServerApplicationContext.refresh(ServletWebServerApplicationContext.java:142)
	at org.springframework.boot.SpringApplication.refresh(SpringApplication.java:775)
	at org.springframework.boot.SpringApplication.refreshContext(SpringApplication.java:397)
	at org.springframework.boot.SpringApplication.run(SpringApplication.java:316)
	at org.springframework.boot.SpringApplication.run(SpringApplication.java:1260)
	at org.springframework.boot.SpringApplication.run(SpringApplication.java:1248)
	at com.yoyo.spot.mmaker.server.App.main(App.java:32)
Caused by: java.net.BindException: Address already in use
	at java.base/sun.nio.ch.Net.bind0(Native Method)
	at java.base/sun.nio.ch.Net.bind(Net.java:469)
	at java.base/sun.nio.ch.Net.bind(Net.java:458)
	at java.base/sun.nio.ch.ServerSocketChannelImpl.bind(ServerSocketChannelImpl.java:220)
	at java.base/sun.nio.ch.ServerSocketAdaptor.bind(ServerSocketAdaptor.java:88)
	at org.apache.tomcat.util.net.NioEndpoint.initServerSocket(NioEndpoint.java:236)
	at org.apache.tomcat.util.net.NioEndpoint.bind(NioEndpoint.java:210)
	at org.apache.tomcat.util.net.AbstractEndpoint.bindWithCleanup(AbstractEndpoint.java:1085)
	at org.apache.tomcat.util.net.AbstractEndpoint.start(AbstractEndpoint.java:1171)
	at org.apache.coyote.AbstractProtocol.start(AbstractProtocol.java:568)
	at org.apache.catalina.connector.Connector.startInternal(Connector.java:1005)
	... 14 common frames omitted
2020-08-28 22:25:38 [INFO] - Pausing ProtocolHandler ["http-nio-9334"]
2020-08-28 22:25:38 [INFO] - Stopping service [Tomcat]
2020-08-28 22:25:38 [INFO] - The stop() method was called on component [StandardServer[-1]] after stop() had already been called. The second call will be ignored.
2020-08-28 22:25:38 [INFO] - Stopping ProtocolHandler ["http-nio-9334"]
2020-08-28 22:25:38 [INFO] - Destroying ProtocolHandler ["http-nio-9334"]
2020-08-28 22:25:38 [INFO] - 

Error starting ApplicationContext. To display the conditions report re-run your application with 'debug' enabled.
2020-08-28 22:25:38 [ERROR] - 

***************************
APPLICATION FAILED TO START
***************************

Description:

The Tomcat connector configured to listen on port 9334 failed to start. The port may already be in use or the connector may be misconfigured.

Action:

Verify the connector's configuration, identify and stop any process that's listening on port 9334, or configure this application to listen on another port.

2020-08-28 22:25:38 [INFO] - Shutting down ExecutorService 'taskScheduler'
2020-08-28 22:25:38 [INFO] - Shutting down ExecutorService 'applicationTaskExecutor'
2020-08-28 22:25:46 [ERROR] - [Sub][1] Unexpected error: Read timed out
2020-08-28 22:25:46 [ERROR] - [Sub][1] Connection is closing due to error
2020-08-28 22:25:46 [ERROR] - [Sub][0] Unexpected error: timeout
2020-08-28 22:25:46 [ERROR] - [Sub][0] Connection is closing due to error
2020-08-28 22:40:14 [ERROR] - StatusUpdater error
java.lang.NullPointerException: null
	at java.base/java.util.Objects.requireNonNull(Objects.java:222)
	at java.base/java.util.Arrays$ArrayList.<init>(Arrays.java:4344)
	at java.base/java.util.Arrays.asList(Arrays.java:4331)
	at com.yoyo.spot.mmaker.server.runners.StatusUpdater.getAssets(StatusUpdater.java:80)
	at com.yoyo.spot.mmaker.server.runners.StatusUpdater.run(StatusUpdater.java:50)
	at java.base/java.lang.Thread.run(Thread.java:830)
2020-08-28 22:42:41 [INFO] - Starting App on localhost with PID 22129 (/Users/wenzhiwei/workspace/maket-maker/target/classes started by wenzhiwei in /Users/wenzhiwei/workspace/maket-maker)
2020-08-28 22:42:41 [INFO] - The following profiles are active: prod
2020-08-28 22:42:41 [WARN] - For Jackson Kotlin classes support please add "com.fasterxml.jackson.module:jackson-module-kotlin" to the classpath
2020-08-28 22:42:43 [INFO] - Tomcat initialized with port(s): 9334 (http)
2020-08-28 22:42:43 [INFO] - Initializing ProtocolHandler ["http-nio-9334"]
2020-08-28 22:42:43 [INFO] - Starting service [Tomcat]
2020-08-28 22:42:43 [INFO] - Starting Servlet engine: [Apache Tomcat/9.0.16]
2020-08-28 22:42:43 [INFO] - The APR based Apache Tomcat Native library which allows optimal performance in production environments was not found on the java.library.path: [/Users/wenzhiwei/Library/Java/Extensions:/Library/Java/Extensions:/Network/Library/Java/Extensions:/System/Library/Java/Extensions:/usr/lib/java:.]
2020-08-28 22:42:43 [INFO] - Initializing Spring embedded WebApplicationContext
2020-08-28 22:42:43 [INFO] - Root WebApplicationContext: initialization completed in 1875 ms
2020-08-28 22:42:44 [INFO] - 交易对:BTCUSDT 账户订单同步启动
2020-08-28 22:42:47 [INFO] - [Sub] Connection [id: 0] created for PriceDepth for [btcusdt]
2020-08-28 22:42:47 [INFO] - [Sub][0] Connecting...
2020-08-28 22:42:47 [INFO] - [Sub] Connection [id: 1] created for Trade for [btcusdt]
2020-08-28 22:42:47 [INFO] - [Sub][1] Connecting...
2020-08-28 22:42:48 [INFO] - 交易对:BTCUSDT 挂单刷量策略启动
2020-08-28 22:42:48 [INFO] - Initializing ExecutorService 'applicationTaskExecutor'
2020-08-28 22:42:48 [INFO] - Initializing ExecutorService 'taskScheduler'
2020-08-28 22:42:48 [INFO] - Exposing 15 endpoint(s) beneath base path ''
2020-08-28 22:42:48 [INFO] - Starting ProtocolHandler ["http-nio-9334"]
2020-08-28 22:42:48 [ERROR] - Failed to start component [Connector[HTTP/1.1-9334]]
org.apache.catalina.LifecycleException: Protocol handler start failed
	at org.apache.catalina.connector.Connector.startInternal(Connector.java:1008)
	at org.apache.catalina.util.LifecycleBase.start(LifecycleBase.java:183)
	at org.apache.catalina.core.StandardService.addConnector(StandardService.java:226)
	at org.springframework.boot.web.embedded.tomcat.TomcatWebServer.addPreviouslyRemovedConnectors(TomcatWebServer.java:259)
	at org.springframework.boot.web.embedded.tomcat.TomcatWebServer.start(TomcatWebServer.java:197)
	at org.springframework.boot.web.servlet.context.ServletWebServerApplicationContext.startWebServer(ServletWebServerApplicationContext.java:311)
	at org.springframework.boot.web.servlet.context.ServletWebServerApplicationContext.finishRefresh(ServletWebServerApplicationContext.java:164)
	at org.springframework.context.support.AbstractApplicationContext.refresh(AbstractApplicationContext.java:552)
	at org.springframework.boot.web.servlet.context.ServletWebServerApplicationContext.refresh(ServletWebServerApplicationContext.java:142)
	at org.springframework.boot.SpringApplication.refresh(SpringApplication.java:775)
	at org.springframework.boot.SpringApplication.refreshContext(SpringApplication.java:397)
	at org.springframework.boot.SpringApplication.run(SpringApplication.java:316)
	at org.springframework.boot.SpringApplication.run(SpringApplication.java:1260)
	at org.springframework.boot.SpringApplication.run(SpringApplication.java:1248)
	at com.yoyo.spot.mmaker.server.App.main(App.java:32)
Caused by: java.net.BindException: Address already in use
	at java.base/sun.nio.ch.Net.bind0(Native Method)
	at java.base/sun.nio.ch.Net.bind(Net.java:469)
	at java.base/sun.nio.ch.Net.bind(Net.java:458)
	at java.base/sun.nio.ch.ServerSocketChannelImpl.bind(ServerSocketChannelImpl.java:220)
	at java.base/sun.nio.ch.ServerSocketAdaptor.bind(ServerSocketAdaptor.java:88)
	at org.apache.tomcat.util.net.NioEndpoint.initServerSocket(NioEndpoint.java:236)
	at org.apache.tomcat.util.net.NioEndpoint.bind(NioEndpoint.java:210)
	at org.apache.tomcat.util.net.AbstractEndpoint.bindWithCleanup(AbstractEndpoint.java:1085)
	at org.apache.tomcat.util.net.AbstractEndpoint.start(AbstractEndpoint.java:1171)
	at org.apache.coyote.AbstractProtocol.start(AbstractProtocol.java:568)
	at org.apache.catalina.connector.Connector.startInternal(Connector.java:1005)
	... 14 common frames omitted
2020-08-28 22:42:48 [INFO] - Pausing ProtocolHandler ["http-nio-9334"]
2020-08-28 22:42:48 [INFO] - Stopping service [Tomcat]
2020-08-28 22:42:48 [INFO] - The stop() method was called on component [StandardServer[-1]] after stop() had already been called. The second call will be ignored.
2020-08-28 22:42:48 [INFO] - Stopping ProtocolHandler ["http-nio-9334"]
2020-08-28 22:42:48 [INFO] - Destroying ProtocolHandler ["http-nio-9334"]
2020-08-28 22:42:48 [INFO] - 

Error starting ApplicationContext. To display the conditions report re-run your application with 'debug' enabled.
2020-08-28 22:42:48 [ERROR] - 

***************************
APPLICATION FAILED TO START
***************************

Description:

The Tomcat connector configured to listen on port 9334 failed to start. The port may already be in use or the connector may be misconfigured.

Action:

Verify the connector's configuration, identify and stop any process that's listening on port 9334, or configure this application to listen on another port.

2020-08-28 22:42:48 [INFO] - Shutting down ExecutorService 'taskScheduler'
2020-08-28 22:42:48 [INFO] - Shutting down ExecutorService 'applicationTaskExecutor'
